<?xml version="1.0" encoding="UTF-8"?>
<testsuite name="ChessTest.ChessTest" tests="2" skipped="0" failures="0" errors="0" timestamp="2019-11-28T05:50:19" hostname="DESKTOP-DE3LISI" time="0.087">
  <properties/>
  <testcase name="TileTest()" classname="ChessTest.ChessTest" time="0.082"/>
  <testcase name="test1()" classname="ChessTest.ChessTest" time="0.002"/>
  <system-out><![CDATA[]]></system-out>
  <system-err><![CDATA[]]></system-err>
</testsuite>
